[26-Jan-2023 22:22:43 UTC] Cron reschedule event error for hook: wp_privacy_delete_old_export_files, Error code: could_not_set, Error message: The cron event list could not be saved., Data: {"schedule":"hourly","args":[],"interval":3600}
[27-Jan-2023 13:32:13 UTC] Cron reschedule event error for hook: wp_https_detection, Error code: could_not_set, Error message: The cron event list could not be saved., Data: {"schedule":"twicedaily","args":[],"interval":43200}
[27-Jan-2023 14:15:57 UTC] PHP Warning:  Undefined array key "label" in /Users/john_lloyd/Local Sites/johnlloydus/app/public/wp-admin/includes/media.php on line 1983
[27-Jan-2023 14:15:57 UTC] PHP Warning:  Undefined array key "label" in /Users/john_lloyd/Local Sites/johnlloydus/app/public/wp-admin/includes/media.php on line 1983
[27-Jan-2023 14:15:57 UTC] PHP Warning:  Undefined array key "label" in /Users/john_lloyd/Local Sites/johnlloydus/app/public/wp-admin/includes/media.php on line 1983
[27-Jan-2023 15:38:49 UTC] PHP Warning:  An unexpected error occurred. Something may be wrong with WordPress.org or this server&#8217;s configuration. If you continue to have problems, please try the <a href="https://wordpress.org/support/forums/">support forums</a>. (WordPress could not establish a secure connection to WordPress.org. Please contact your server administrator.) in /Users/john_lloyd/Local Sites/johnlloydus/app/public/wp-admin/includes/update.php on line 143
[27-Jan-2023 15:38:49 UTC] PHP Warning:  An unexpected error occurred. Something may be wrong with WordPress.org or this server&#8217;s configuration. If you continue to have problems, please try the <a href="https://wordpress.org/support/forums/">support forums</a>. (WordPress could not establish a secure connection to WordPress.org. Please contact your server administrator.) in /Users/john_lloyd/Local Sites/johnlloydus/app/public/wp-includes/update.php on line 209
[28-Jan-2023 23:06:56 UTC] PHP Warning:  Undefined array key "label" in /Users/john_lloyd/Local Sites/johnlloydus/app/public/wp-admin/includes/media.php on line 1983
[28-Jan-2023 23:06:56 UTC] PHP Warning:  Undefined array key "label" in /Users/john_lloyd/Local Sites/johnlloydus/app/public/wp-admin/includes/media.php on line 1983
[28-Jan-2023 23:06:56 UTC] PHP Warning:  Undefined array key "label" in /Users/john_lloyd/Local Sites/johnlloydus/app/public/wp-admin/includes/media.php on line 1983
[28-Jan-2023 23:06:56 UTC] PHP Warning:  Undefined array key "label" in /Users/john_lloyd/Local Sites/johnlloydus/app/public/wp-admin/includes/media.php on line 1983
[28-Jan-2023 23:06:56 UTC] PHP Warning:  Undefined array key "label" in /Users/john_lloyd/Local Sites/johnlloydus/app/public/wp-admin/includes/media.php on line 1983
[28-Jan-2023 23:06:56 UTC] PHP Warning:  Undefined array key "label" in /Users/john_lloyd/Local Sites/johnlloydus/app/public/wp-admin/includes/media.php on line 1983
[28-Jan-2023 23:07:38 UTC] PHP Warning:  Undefined array key "label" in /Users/john_lloyd/Local Sites/johnlloydus/app/public/wp-admin/includes/media.php on line 1983
[28-Jan-2023 23:07:38 UTC] PHP Warning:  Undefined array key "label" in /Users/john_lloyd/Local Sites/johnlloydus/app/public/wp-admin/includes/media.php on line 1983
[28-Jan-2023 23:07:38 UTC] PHP Warning:  Undefined array key "label" in /Users/john_lloyd/Local Sites/johnlloydus/app/public/wp-admin/includes/media.php on line 1983
[28-Jan-2023 23:07:38 UTC] PHP Warning:  Undefined array key "label" in /Users/john_lloyd/Local Sites/johnlloydus/app/public/wp-admin/includes/media.php on line 1983
[28-Jan-2023 23:07:38 UTC] PHP Warning:  Undefined array key "label" in /Users/john_lloyd/Local Sites/johnlloydus/app/public/wp-admin/includes/media.php on line 1983
[28-Jan-2023 23:07:38 UTC] PHP Warning:  Undefined array key "label" in /Users/john_lloyd/Local Sites/johnlloydus/app/public/wp-admin/includes/media.php on line 1983
[28-Jan-2023 23:12:14 UTC] PHP Warning:  Undefined array key "label" in /Users/john_lloyd/Local Sites/johnlloydus/app/public/wp-admin/includes/media.php on line 1983
[28-Jan-2023 23:12:14 UTC] PHP Warning:  Undefined array key "label" in /Users/john_lloyd/Local Sites/johnlloydus/app/public/wp-admin/includes/media.php on line 1983
[28-Jan-2023 23:12:14 UTC] PHP Warning:  Undefined array key "label" in /Users/john_lloyd/Local Sites/johnlloydus/app/public/wp-admin/includes/media.php on line 1983
[28-Jan-2023 23:12:14 UTC] PHP Warning:  Undefined array key "label" in /Users/john_lloyd/Local Sites/johnlloydus/app/public/wp-admin/includes/media.php on line 1983
[28-Jan-2023 23:12:14 UTC] PHP Warning:  Undefined array key "label" in /Users/john_lloyd/Local Sites/johnlloydus/app/public/wp-admin/includes/media.php on line 1983
[28-Jan-2023 23:12:14 UTC] PHP Warning:  Undefined array key "label" in /Users/john_lloyd/Local Sites/johnlloydus/app/public/wp-admin/includes/media.php on line 1983
[28-Jan-2023 23:12:14 UTC] PHP Warning:  Undefined array key "label" in /Users/john_lloyd/Local Sites/johnlloydus/app/public/wp-admin/includes/media.php on line 1983
[28-Jan-2023 23:15:11 UTC] PHP Warning:  Undefined array key "label" in /Users/john_lloyd/Local Sites/johnlloydus/app/public/wp-admin/includes/media.php on line 1983
[28-Jan-2023 23:15:11 UTC] PHP Warning:  Undefined array key "label" in /Users/john_lloyd/Local Sites/johnlloydus/app/public/wp-admin/includes/media.php on line 1983
[28-Jan-2023 23:15:11 UTC] PHP Warning:  Undefined array key "label" in /Users/john_lloyd/Local Sites/johnlloydus/app/public/wp-admin/includes/media.php on line 1983
[28-Jan-2023 23:15:11 UTC] PHP Warning:  Undefined array key "label" in /Users/john_lloyd/Local Sites/johnlloydus/app/public/wp-admin/includes/media.php on line 1983
[28-Jan-2023 23:15:11 UTC] PHP Warning:  Undefined array key "label" in /Users/john_lloyd/Local Sites/johnlloydus/app/public/wp-admin/includes/media.php on line 1983
[28-Jan-2023 23:15:11 UTC] PHP Warning:  Undefined array key "label" in /Users/john_lloyd/Local Sites/johnlloydus/app/public/wp-admin/includes/media.php on line 1983
[28-Jan-2023 23:15:11 UTC] PHP Warning:  Undefined array key "label" in /Users/john_lloyd/Local Sites/johnlloydus/app/public/wp-admin/includes/media.php on line 1983
[28-Jan-2023 23:15:11 UTC] PHP Warning:  Undefined array key "label" in /Users/john_lloyd/Local Sites/johnlloydus/app/public/wp-admin/includes/media.php on line 1983
[28-Jan-2023 23:31:25 UTC] PHP Warning:  Undefined array key "label" in /Users/john_lloyd/Local Sites/johnlloydus/app/public/wp-admin/includes/media.php on line 1983
[28-Jan-2023 23:31:25 UTC] PHP Warning:  Undefined array key "label" in /Users/john_lloyd/Local Sites/johnlloydus/app/public/wp-admin/includes/media.php on line 1983
[28-Jan-2023 23:31:25 UTC] PHP Warning:  Undefined array key "label" in /Users/john_lloyd/Local Sites/johnlloydus/app/public/wp-admin/includes/media.php on line 1983
[28-Jan-2023 23:31:25 UTC] PHP Warning:  Undefined array key "label" in /Users/john_lloyd/Local Sites/johnlloydus/app/public/wp-admin/includes/media.php on line 1983
[28-Jan-2023 23:31:25 UTC] PHP Warning:  Undefined array key "label" in /Users/john_lloyd/Local Sites/johnlloydus/app/public/wp-admin/includes/media.php on line 1983
[28-Jan-2023 23:31:25 UTC] PHP Warning:  Undefined array key "label" in /Users/john_lloyd/Local Sites/johnlloydus/app/public/wp-admin/includes/media.php on line 1983
[28-Jan-2023 23:31:25 UTC] PHP Warning:  Undefined array key "label" in /Users/john_lloyd/Local Sites/johnlloydus/app/public/wp-admin/includes/media.php on line 1983
[28-Jan-2023 23:31:25 UTC] PHP Warning:  Undefined array key "label" in /Users/john_lloyd/Local Sites/johnlloydus/app/public/wp-admin/includes/media.php on line 1983
[28-Jan-2023 23:31:25 UTC] PHP Warning:  Undefined array key "label" in /Users/john_lloyd/Local Sites/johnlloydus/app/public/wp-admin/includes/media.php on line 1983
[28-Jan-2023 23:40:07 UTC] PHP Warning:  Undefined array key "label" in /Users/john_lloyd/Local Sites/johnlloydus/app/public/wp-admin/includes/media.php on line 1983
[28-Jan-2023 23:40:07 UTC] PHP Warning:  Undefined array key "label" in /Users/john_lloyd/Local Sites/johnlloydus/app/public/wp-admin/includes/media.php on line 1983
[28-Jan-2023 23:40:07 UTC] PHP Warning:  Undefined array key "label" in /Users/john_lloyd/Local Sites/johnlloydus/app/public/wp-admin/includes/media.php on line 1983
[28-Jan-2023 23:40:07 UTC] PHP Warning:  Undefined array key "label" in /Users/john_lloyd/Local Sites/johnlloydus/app/public/wp-admin/includes/media.php on line 1983
[28-Jan-2023 23:40:07 UTC] PHP Warning:  Undefined array key "label" in /Users/john_lloyd/Local Sites/johnlloydus/app/public/wp-admin/includes/media.php on line 1983
[28-Jan-2023 23:40:07 UTC] PHP Warning:  Undefined array key "label" in /Users/john_lloyd/Local Sites/johnlloydus/app/public/wp-admin/includes/media.php on line 1983
[28-Jan-2023 23:40:07 UTC] PHP Warning:  Undefined array key "label" in /Users/john_lloyd/Local Sites/johnlloydus/app/public/wp-admin/includes/media.php on line 1983
[28-Jan-2023 23:40:07 UTC] PHP Warning:  Undefined array key "label" in /Users/john_lloyd/Local Sites/johnlloydus/app/public/wp-admin/includes/media.php on line 1983
[28-Jan-2023 23:40:07 UTC] PHP Warning:  Undefined array key "label" in /Users/john_lloyd/Local Sites/johnlloydus/app/public/wp-admin/includes/media.php on line 1983
[28-Jan-2023 23:40:07 UTC] PHP Warning:  Undefined array key "label" in /Users/john_lloyd/Local Sites/johnlloydus/app/public/wp-admin/includes/media.php on line 1983
[28-Jan-2023 23:40:07 UTC] PHP Warning:  Undefined array key "label" in /Users/john_lloyd/Local Sites/johnlloydus/app/public/wp-admin/includes/media.php on line 1983
[28-Jan-2023 23:40:07 UTC] PHP Warning:  Undefined array key "label" in /Users/john_lloyd/Local Sites/johnlloydus/app/public/wp-admin/includes/media.php on line 1983
[28-Jan-2023 23:40:07 UTC] PHP Warning:  Undefined array key "label" in /Users/john_lloyd/Local Sites/johnlloydus/app/public/wp-admin/includes/media.php on line 1983
[28-Jan-2023 23:49:11 UTC] PHP Warning:  Undefined array key "label" in /Users/john_lloyd/Local Sites/johnlloydus/app/public/wp-admin/includes/media.php on line 1983
[28-Jan-2023 23:49:11 UTC] PHP Warning:  Undefined array key "label" in /Users/john_lloyd/Local Sites/johnlloydus/app/public/wp-admin/includes/media.php on line 1983
[28-Jan-2023 23:49:11 UTC] PHP Warning:  Undefined array key "label" in /Users/john_lloyd/Local Sites/johnlloydus/app/public/wp-admin/includes/media.php on line 1983
[28-Jan-2023 23:49:11 UTC] PHP Warning:  Undefined array key "label" in /Users/john_lloyd/Local Sites/johnlloydus/app/public/wp-admin/includes/media.php on line 1983
[28-Jan-2023 23:49:11 UTC] PHP Warning:  Undefined array key "label" in /Users/john_lloyd/Local Sites/johnlloydus/app/public/wp-admin/includes/media.php on line 1983
[28-Jan-2023 23:49:11 UTC] PHP Warning:  Undefined array key "label" in /Users/john_lloyd/Local Sites/johnlloydus/app/public/wp-admin/includes/media.php on line 1983
[28-Jan-2023 23:49:11 UTC] PHP Warning:  Undefined array key "label" in /Users/john_lloyd/Local Sites/johnlloydus/app/public/wp-admin/includes/media.php on line 1983
[28-Jan-2023 23:49:11 UTC] PHP Warning:  Undefined array key "label" in /Users/john_lloyd/Local Sites/johnlloydus/app/public/wp-admin/includes/media.php on line 1983
[28-Jan-2023 23:49:11 UTC] PHP Warning:  Undefined array key "label" in /Users/john_lloyd/Local Sites/johnlloydus/app/public/wp-admin/includes/media.php on line 1983
[28-Jan-2023 23:49:11 UTC] PHP Warning:  Undefined array key "label" in /Users/john_lloyd/Local Sites/johnlloydus/app/public/wp-admin/includes/media.php on line 1983
[28-Jan-2023 23:49:11 UTC] PHP Warning:  Undefined array key "label" in /Users/john_lloyd/Local Sites/johnlloydus/app/public/wp-admin/includes/media.php on line 1983
[28-Jan-2023 23:49:11 UTC] PHP Warning:  Undefined array key "label" in /Users/john_lloyd/Local Sites/johnlloydus/app/public/wp-admin/includes/media.php on line 1983
[28-Jan-2023 23:49:11 UTC] PHP Warning:  Undefined array key "label" in /Users/john_lloyd/Local Sites/johnlloydus/app/public/wp-admin/includes/media.php on line 1983
[28-Jan-2023 23:49:35 UTC] PHP Warning:  Undefined array key "label" in /Users/john_lloyd/Local Sites/johnlloydus/app/public/wp-admin/includes/media.php on line 1983
[28-Jan-2023 23:49:35 UTC] PHP Warning:  Undefined array key "label" in /Users/john_lloyd/Local Sites/johnlloydus/app/public/wp-admin/includes/media.php on line 1983
[28-Jan-2023 23:49:35 UTC] PHP Warning:  Undefined array key "label" in /Users/john_lloyd/Local Sites/johnlloydus/app/public/wp-admin/includes/media.php on line 1983
[28-Jan-2023 23:49:35 UTC] PHP Warning:  Undefined array key "label" in /Users/john_lloyd/Local Sites/johnlloydus/app/public/wp-admin/includes/media.php on line 1983
[28-Jan-2023 23:49:35 UTC] PHP Warning:  Undefined array key "label" in /Users/john_lloyd/Local Sites/johnlloydus/app/public/wp-admin/includes/media.php on line 1983
[28-Jan-2023 23:49:35 UTC] PHP Warning:  Undefined array key "label" in /Users/john_lloyd/Local Sites/johnlloydus/app/public/wp-admin/includes/media.php on line 1983
[28-Jan-2023 23:49:35 UTC] PHP Warning:  Undefined array key "label" in /Users/john_lloyd/Local Sites/johnlloydus/app/public/wp-admin/includes/media.php on line 1983
[28-Jan-2023 23:49:35 UTC] PHP Warning:  Undefined array key "label" in /Users/john_lloyd/Local Sites/johnlloydus/app/public/wp-admin/includes/media.php on line 1983
[28-Jan-2023 23:49:35 UTC] PHP Warning:  Undefined array key "label" in /Users/john_lloyd/Local Sites/johnlloydus/app/public/wp-admin/includes/media.php on line 1983
[28-Jan-2023 23:49:35 UTC] PHP Warning:  Undefined array key "label" in /Users/john_lloyd/Local Sites/johnlloydus/app/public/wp-admin/includes/media.php on line 1983
[28-Jan-2023 23:49:35 UTC] PHP Warning:  Undefined array key "label" in /Users/john_lloyd/Local Sites/johnlloydus/app/public/wp-admin/includes/media.php on line 1983
[28-Jan-2023 23:49:35 UTC] PHP Warning:  Undefined array key "label" in /Users/john_lloyd/Local Sites/johnlloydus/app/public/wp-admin/includes/media.php on line 1983
[28-Jan-2023 23:49:35 UTC] PHP Warning:  Undefined array key "label" in /Users/john_lloyd/Local Sites/johnlloydus/app/public/wp-admin/includes/media.php on line 1983
[28-Jan-2023 23:50:40 UTC] PHP Warning:  Undefined array key "label" in /Users/john_lloyd/Local Sites/johnlloydus/app/public/wp-admin/includes/media.php on line 1983
[28-Jan-2023 23:50:40 UTC] PHP Warning:  Undefined array key "label" in /Users/john_lloyd/Local Sites/johnlloydus/app/public/wp-admin/includes/media.php on line 1983
[28-Jan-2023 23:50:40 UTC] PHP Warning:  Undefined array key "label" in /Users/john_lloyd/Local Sites/johnlloydus/app/public/wp-admin/includes/media.php on line 1983
[28-Jan-2023 23:50:40 UTC] PHP Warning:  Undefined array key "label" in /Users/john_lloyd/Local Sites/johnlloydus/app/public/wp-admin/includes/media.php on line 1983
[28-Jan-2023 23:50:40 UTC] PHP Warning:  Undefined array key "label" in /Users/john_lloyd/Local Sites/johnlloydus/app/public/wp-admin/includes/media.php on line 1983
[28-Jan-2023 23:50:40 UTC] PHP Warning:  Undefined array key "label" in /Users/john_lloyd/Local Sites/johnlloydus/app/public/wp-admin/includes/media.php on line 1983
[28-Jan-2023 23:50:40 UTC] PHP Warning:  Undefined array key "label" in /Users/john_lloyd/Local Sites/johnlloydus/app/public/wp-admin/includes/media.php on line 1983
[28-Jan-2023 23:50:40 UTC] PHP Warning:  Undefined array key "label" in /Users/john_lloyd/Local Sites/johnlloydus/app/public/wp-admin/includes/media.php on line 1983
[28-Jan-2023 23:50:40 UTC] PHP Warning:  Undefined array key "label" in /Users/john_lloyd/Local Sites/johnlloydus/app/public/wp-admin/includes/media.php on line 1983
[28-Jan-2023 23:50:40 UTC] PHP Warning:  Undefined array key "label" in /Users/john_lloyd/Local Sites/johnlloydus/app/public/wp-admin/includes/media.php on line 1983
[28-Jan-2023 23:50:40 UTC] PHP Warning:  Undefined array key "label" in /Users/john_lloyd/Local Sites/johnlloydus/app/public/wp-admin/includes/media.php on line 1983
[28-Jan-2023 23:50:40 UTC] PHP Warning:  Undefined array key "label" in /Users/john_lloyd/Local Sites/johnlloydus/app/public/wp-admin/includes/media.php on line 1983
[28-Jan-2023 23:50:40 UTC] PHP Warning:  Undefined array key "label" in /Users/john_lloyd/Local Sites/johnlloydus/app/public/wp-admin/includes/media.php on line 1983
[28-Jan-2023 23:56:27 UTC] PHP Warning:  Undefined array key "label" in /Users/john_lloyd/Local Sites/johnlloydus/app/public/wp-admin/includes/media.php on line 1983
[28-Jan-2023 23:56:27 UTC] PHP Warning:  Undefined array key "label" in /Users/john_lloyd/Local Sites/johnlloydus/app/public/wp-admin/includes/media.php on line 1983
[28-Jan-2023 23:56:27 UTC] PHP Warning:  Undefined array key "label" in /Users/john_lloyd/Local Sites/johnlloydus/app/public/wp-admin/includes/media.php on line 1983
[28-Jan-2023 23:56:27 UTC] PHP Warning:  Undefined array key "label" in /Users/john_lloyd/Local Sites/johnlloydus/app/public/wp-admin/includes/media.php on line 1983
[28-Jan-2023 23:56:27 UTC] PHP Warning:  Undefined array key "label" in /Users/john_lloyd/Local Sites/johnlloydus/app/public/wp-admin/includes/media.php on line 1983
[28-Jan-2023 23:56:27 UTC] PHP Warning:  Undefined array key "label" in /Users/john_lloyd/Local Sites/johnlloydus/app/public/wp-admin/includes/media.php on line 1983
[28-Jan-2023 23:56:27 UTC] PHP Warning:  Undefined array key "label" in /Users/john_lloyd/Local Sites/johnlloydus/app/public/wp-admin/includes/media.php on line 1983
[28-Jan-2023 23:56:27 UTC] PHP Warning:  Undefined array key "label" in /Users/john_lloyd/Local Sites/johnlloydus/app/public/wp-admin/includes/media.php on line 1983
[28-Jan-2023 23:56:27 UTC] PHP Warning:  Undefined array key "label" in /Users/john_lloyd/Local Sites/johnlloydus/app/public/wp-admin/includes/media.php on line 1983
[28-Jan-2023 23:56:27 UTC] PHP Warning:  Undefined array key "label" in /Users/john_lloyd/Local Sites/johnlloydus/app/public/wp-admin/includes/media.php on line 1983
[28-Jan-2023 23:56:27 UTC] PHP Warning:  Undefined array key "label" in /Users/john_lloyd/Local Sites/johnlloydus/app/public/wp-admin/includes/media.php on line 1983
[28-Jan-2023 23:56:27 UTC] PHP Warning:  Undefined array key "label" in /Users/john_lloyd/Local Sites/johnlloydus/app/public/wp-admin/includes/media.php on line 1983
[28-Jan-2023 23:56:27 UTC] PHP Warning:  Undefined array key "label" in /Users/john_lloyd/Local Sites/johnlloydus/app/public/wp-admin/includes/media.php on line 1983
